<?xml version="1.0" encoding="UTF-8"?>
<!-- Generated by org.testng.reporters.JUnitReportReporter -->
<testsuite hostname="Asalia" failures="0" tests="1" name="com.google.GoogleAbierto" time="4.432" errors="0" timestamp="22 Jan 2023 01:20:13 GMT" skipped="0">
  <testcase classname="com.google.GoogleAbierto" name="f" time="4.432"/>
</testsuite> <!-- com.google.GoogleAbierto -->
